<?xml version="1.0" encoding="UTF-8"?>
<testsuite name="Verificar el envio de mensaje seccion contact" tests="1" skipped="0" failures="0" errors="0" timestamp="2023-01-19T19:37:25" hostname="CHBOG19N0KL3" time="16.74">
  <properties/>
  <testcase name="Verificar ingreso a la página despues de loguearse" classname="Verificar el envio de mensaje seccion contact" time="16.74"/>
  <system-out><![CDATA[]]></system-out>
  <system-err><![CDATA[ene 19, 2023 2:37:26 PM org.openqa.selenium.remote.DesiredCapabilities chrome
INFORMACIÓN: Using `new ChromeOptions()` is preferred to `DesiredCapabilities.chrome()`
Starting ChromeDriver 109.0.5414.74 (e7c5703604daa9cc128ccf5a5d3e993513758913-refs/branch-heads/5414@{#1172}) on port 26015
Only local connections are allowed.
Please see https://chromedriver.chromium.org/security-considerations for suggestions on keeping ChromeDriver safe.
ChromeDriver was started successfully.
ene 19, 2023 2:37:28 PM org.openqa.selenium.remote.ProtocolHandshake createSession
INFORMACIÓN: Detected dialect: W3C
[Test worker] INFO net.serenitybdd.core.Serenity - 
        __    _____ _____ ____ _____   ____   _    ____  ____  _____ ____  
  _     \ \  |_   _| ____/ ___|_   _| |  _ \ / \  / ___|/ ___|| ____|  _ \ 
 (_)_____| |   | | |  _| \___ \ | |   | |_) / _ \ \___ \\___ \|  _| | | | |
  _|_____| |   | | | |___ ___) || |   |  __/ ___ \ ___) |___) | |___| |_| |
 (_)     | |   |_| |_____|____/ |_|   |_| /_/   \_\____/|____/|_____|____/ 
        /_/                                                                

TEST PASSED: Verificar ingreso a la página despues de loguearse
----------------------------------------------------------------------------
]]></system-err>
</testsuite>
